[2025-03-11 13:22:52,036: INFO: common: yaml file: config\config.yaml loaded successfully]
[2025-03-11 13:22:52,077: INFO: common: yaml file: params.yaml loaded successfully]
[2025-03-11 13:22:52,081: INFO: common: yaml file: schema.yaml loaded successfully]
[2025-03-11 13:22:52,082: INFO: common: created directory at: artifacts]
[2025-03-11 13:26:10,272: INFO: common: yaml file: config\config.yaml loaded successfully]
[2025-03-11 13:26:10,275: INFO: common: yaml file: params.yaml loaded successfully]
[2025-03-11 13:26:10,278: INFO: common: yaml file: schema.yaml loaded successfully]
[2025-03-11 13:26:10,280: INFO: common: created directory at: artifacts]
[2025-03-11 13:26:10,313: INFO: common: created directory at: artifacts/data_ingestion]
[2025-03-11 13:27:32,406: INFO: common: yaml file: config\config.yaml loaded successfully]
[2025-03-11 13:27:32,409: INFO: common: yaml file: params.yaml loaded successfully]
[2025-03-11 13:27:32,412: INFO: common: yaml file: schema.yaml loaded successfully]
[2025-03-11 13:27:32,415: INFO: common: created directory at: artifacts]
[2025-03-11 13:27:32,417: INFO: common: created directory at: artifacts/data_ingestion]
[2025-03-11 13:29:15,701: INFO: common: yaml file: config\config.yaml loaded successfully]
[2025-03-11 13:29:15,704: INFO: common: yaml file: params.yaml loaded successfully]
[2025-03-11 13:29:15,707: INFO: common: yaml file: schema.yaml loaded successfully]
[2025-03-11 13:29:15,709: INFO: common: created directory at: artifacts]
[2025-03-11 13:29:15,711: INFO: common: created directory at: artifacts/data_ingestion]
[2025-03-11 13:29:17,040: INFO: 3968078424: artifacts/data_ingestion/data.zip downloaded with the following info:
Connection: close
Content-Length: 23329
Cache-Control: max-age=300
Content-Security-Policy: default-src 'none'; style-src 'unsafe-inline'; sandbox
Content-Type: application/zip
ETag: "c69888a4ae59bc5a893392785a938ccd4937981c06ba8a9d6a21aa52b4ab5b6e"
Strict-Transport-Security: max-age=31536000
X-Content-Type-Options: nosniff
X-Frame-Options: deny
X-XSS-Protection: 1; mode=block
X-GitHub-Request-Id: 0EB4:359F:F5239:27E292:67CFED54
Accept-Ranges: bytes
Date: Tue, 11 Mar 2025 07:59:16 GMT
Via: 1.1 varnish
X-Served-By: cache-del21746-DEL
X-Cache: MISS
X-Cache-Hits: 0
X-Timer: S1741679957.575825,VS0,VE294
Vary: Authorization,Accept-Encoding,Origin
Access-Control-Allow-Origin: *
Cross-Origin-Resource-Policy: cross-origin
X-Fastly-Request-ID: 6df3b52e64a84556e04787822d526aa0369974aa
Expires: Tue, 11 Mar 2025 08:04:16 GMT
Source-Age: 0

]
[2025-03-11 13:31:35,829: INFO: common: yaml file: config\config.yaml loaded successfully]
[2025-03-11 13:31:35,833: INFO: common: yaml file: params.yaml loaded successfully]
[2025-03-11 13:31:35,837: INFO: common: yaml file: schema.yaml loaded successfully]
[2025-03-11 13:31:35,838: INFO: common: created directory at: artifacts]
[2025-03-11 13:31:35,840: INFO: common: created directory at: artifacts/data_ingestion]
[2025-03-11 13:32:12,000: INFO: common: yaml file: config\config.yaml loaded successfully]
[2025-03-11 13:32:12,004: INFO: common: yaml file: params.yaml loaded successfully]
[2025-03-11 13:32:12,008: INFO: common: yaml file: schema.yaml loaded successfully]
[2025-03-11 13:32:12,011: INFO: common: created directory at: artifacts]
[2025-03-11 13:32:12,014: INFO: common: created directory at: artifacts/data_ingestion]
[2025-03-11 13:32:12,831: INFO: 3968078424: artifacts/data_ingestion/data.zip downloaded with the following info:
Connection: close
Content-Length: 23329
Cache-Control: max-age=300
Content-Security-Policy: default-src 'none'; style-src 'unsafe-inline'; sandbox
Content-Type: application/zip
ETag: "c69888a4ae59bc5a893392785a938ccd4937981c06ba8a9d6a21aa52b4ab5b6e"
Strict-Transport-Security: max-age=31536000
X-Content-Type-Options: nosniff
X-Frame-Options: deny
X-XSS-Protection: 1; mode=block
X-GitHub-Request-Id: 0EB4:359F:F5239:27E292:67CFED54
Accept-Ranges: bytes
Date: Tue, 11 Mar 2025 08:02:12 GMT
Via: 1.1 varnish
X-Served-By: cache-del21723-DEL
X-Cache: HIT
X-Cache-Hits: 0
X-Timer: S1741680133.675908,VS0,VE1
Vary: Authorization,Accept-Encoding,Origin
Access-Control-Allow-Origin: *
Cross-Origin-Resource-Policy: cross-origin
X-Fastly-Request-ID: 88895f88af4e10b11df44d226d2cdb269eb6809f
Expires: Tue, 11 Mar 2025 08:07:12 GMT
Source-Age: 176

]
[2025-03-11 13:32:12,875: INFO: 3968078424: Extracted files to artifacts/data_ingestion]
[2025-03-13 14:15:20,735: INFO: main: Welcome to our Custom logging Data Science]
[2025-03-13 14:15:39,862: INFO: main: Welcome to our Custom logging Data Science]
[2025-03-13 14:15:39,862: INFO: main: >>>>>> stage DATA INGESTION STAGE started<<<<<< ]
[2025-03-13 14:15:39,915: INFO: common: yaml file: config\config.yaml loaded successfully]
[2025-03-13 14:15:39,931: INFO: common: yaml file: params.yaml loaded successfully]
[2025-03-13 14:15:39,934: INFO: common: yaml file: schema.yaml loaded successfully]
[2025-03-13 14:15:39,936: INFO: common: created directory at: artifacts]
[2025-03-13 14:15:39,936: INFO: common: created directory at: artifacts/data_ingestion]
[2025-03-13 14:15:42,309: INFO: data_ingestion: artifacts/data_ingestion/data.zip downloaded with the following info:
Connection: close
Content-Length: 23329
Cache-Control: max-age=300
Content-Security-Policy: default-src 'none'; style-src 'unsafe-inline'; sandbox
Content-Type: application/zip
ETag: "c69888a4ae59bc5a893392785a938ccd4937981c06ba8a9d6a21aa52b4ab5b6e"
Strict-Transport-Security: max-age=31536000
X-Content-Type-Options: nosniff
X-Frame-Options: deny
X-XSS-Protection: 1; mode=block
X-GitHub-Request-Id: 7458:C3CF9:8AABF:17DF67:67D29B35
Accept-Ranges: bytes
Date: Thu, 13 Mar 2025 08:45:42 GMT
Via: 1.1 varnish
X-Served-By: cache-ccu830030-CCU
X-Cache: MISS
X-Cache-Hits: 0
X-Timer: S1741855542.792355,VS0,VE323
Vary: Authorization,Accept-Encoding,Origin
Access-Control-Allow-Origin: *
Cross-Origin-Resource-Policy: cross-origin
X-Fastly-Request-ID: dcb1afa4cbfaa4947a9054d1a3863338e6f363e0
Expires: Thu, 13 Mar 2025 08:50:42 GMT
Source-Age: 0

]
[2025-03-13 14:15:42,490: INFO: data_ingestion: Extracted files to artifacts/data_ingestion]
[2025-03-13 14:15:42,490: INFO: main: >>>>> stageDATA INGESTION STAGE completed<<<<<<<< ]
[2025-03-13 14:56:59,370: INFO: common: yaml file: config\config.yaml loaded successfully]
[2025-03-13 14:56:59,409: INFO: common: yaml file: params.yaml loaded successfully]
[2025-03-13 14:56:59,433: INFO: common: yaml file: schema.yaml loaded successfully]
[2025-03-13 14:56:59,483: INFO: common: created directory at: artifacts]
[2025-03-13 14:58:47,739: INFO: common: yaml file: config\config.yaml loaded successfully]
[2025-03-13 14:58:47,742: INFO: common: yaml file: params.yaml loaded successfully]
[2025-03-13 14:58:47,749: INFO: common: yaml file: schema.yaml loaded successfully]
[2025-03-13 14:58:47,751: INFO: common: created directory at: artifacts]
[2025-03-13 14:59:26,520: INFO: common: yaml file: config\config.yaml loaded successfully]
[2025-03-13 14:59:26,523: INFO: common: yaml file: params.yaml loaded successfully]
[2025-03-13 14:59:26,529: INFO: common: yaml file: schema.yaml loaded successfully]
[2025-03-13 14:59:26,531: INFO: common: created directory at: artifacts]
[2025-03-13 15:03:59,290: INFO: common: yaml file: config\config.yaml loaded successfully]
[2025-03-13 15:03:59,293: INFO: common: yaml file: params.yaml loaded successfully]
[2025-03-13 15:03:59,297: INFO: common: yaml file: schema.yaml loaded successfully]
[2025-03-13 15:03:59,300: INFO: common: created directory at: artifacts]
[2025-03-13 15:03:59,302: INFO: common: created directory at: artifacts/data_validation]
[2025-03-13 15:04:13,815: INFO: common: yaml file: config\config.yaml loaded successfully]
[2025-03-13 15:04:13,819: INFO: common: yaml file: params.yaml loaded successfully]
[2025-03-13 15:04:13,825: INFO: common: yaml file: schema.yaml loaded successfully]
[2025-03-13 15:04:13,828: INFO: common: created directory at: artifacts]
[2025-03-13 15:04:13,830: INFO: common: created directory at: artifacts/data_validation]
[2025-03-13 15:04:46,463: INFO: common: yaml file: config\config.yaml loaded successfully]
[2025-03-13 15:04:46,467: INFO: common: yaml file: params.yaml loaded successfully]
[2025-03-13 15:04:46,471: INFO: common: yaml file: schema.yaml loaded successfully]
[2025-03-13 15:04:46,473: INFO: common: created directory at: artifacts]
[2025-03-13 15:04:46,476: INFO: common: created directory at: artifacts/data_validation]
[2025-03-13 15:05:03,104: INFO: common: yaml file: config\config.yaml loaded successfully]
[2025-03-13 15:05:03,107: INFO: common: yaml file: params.yaml loaded successfully]
[2025-03-13 15:05:03,113: INFO: common: yaml file: schema.yaml loaded successfully]
[2025-03-13 15:05:03,115: INFO: common: created directory at: artifacts]
[2025-03-13 15:05:03,118: INFO: common: created directory at: artifacts/data_validation]
[2025-03-13 15:05:36,924: INFO: common: yaml file: config\config.yaml loaded successfully]
[2025-03-13 15:05:36,927: INFO: common: yaml file: params.yaml loaded successfully]
[2025-03-13 15:05:36,932: INFO: common: yaml file: schema.yaml loaded successfully]
[2025-03-13 15:05:36,934: INFO: common: created directory at: artifacts]
[2025-03-13 15:05:36,937: INFO: common: created directory at: artifacts/data_validation]
[2025-03-13 15:06:55,437: INFO: common: yaml file: config\config.yaml loaded successfully]
[2025-03-13 15:06:55,441: INFO: common: yaml file: params.yaml loaded successfully]
[2025-03-13 15:06:55,446: INFO: common: yaml file: schema.yaml loaded successfully]
[2025-03-13 15:06:55,448: INFO: common: created directory at: artifacts]
[2025-03-13 15:06:55,452: INFO: common: created directory at: artifacts/data_validation]
[2025-03-13 15:07:38,835: INFO: common: yaml file: config\config.yaml loaded successfully]
[2025-03-13 15:07:38,839: INFO: common: yaml file: params.yaml loaded successfully]
[2025-03-13 15:07:38,844: INFO: common: yaml file: schema.yaml loaded successfully]
[2025-03-13 15:07:38,846: INFO: common: created directory at: artifacts]
[2025-03-13 15:07:38,847: INFO: common: created directory at: artifacts/data_validation]
[2025-03-13 15:27:41,029: INFO: main: Welcome to our Custom logging Data Science]
[2025-03-13 15:27:41,029: INFO: main: >>>>>> stage DATA INGESTION STAGE started<<<<<< ]
[2025-03-13 15:27:41,029: INFO: common: yaml file: config\config.yaml loaded successfully]
[2025-03-13 15:27:41,029: INFO: common: yaml file: params.yaml loaded successfully]
[2025-03-13 15:27:41,047: INFO: common: yaml file: schema.yaml loaded successfully]
[2025-03-13 15:27:41,048: INFO: common: created directory at: artifacts]
[2025-03-13 15:27:41,049: INFO: common: created directory at: artifacts/data_ingestion]
[2025-03-13 15:27:41,050: INFO: data_ingestion: File already exists with size: 0.02 MB]
[2025-03-13 15:27:41,061: INFO: data_ingestion: Extracted files to artifacts/data_ingestion]
[2025-03-13 15:27:41,061: INFO: main: >>>>> stageDATA INGESTION STAGE completed<<<<<<<< ]
[2025-03-13 15:27:41,061: INFO: main: >>>>>> stage Data Validation Stage started<<<<<< ]
[2025-03-13 15:27:41,074: INFO: common: yaml file: config\config.yaml loaded successfully]
[2025-03-13 15:27:41,076: INFO: common: yaml file: params.yaml loaded successfully]
[2025-03-13 15:27:41,083: INFO: common: yaml file: schema.yaml loaded successfully]
[2025-03-13 15:27:41,085: INFO: common: created directory at: artifacts]
[2025-03-13 15:27:41,086: INFO: common: created directory at: artifacts/data_validation]
[2025-03-13 15:27:41,087: ERROR: main: name 'pd' is not defined]
Traceback (most recent call last):
  File "F:\MlProject\Datascienceproject\main.py", line 22, in <module>
    obj.initiate_data_validation()
  File "F:\MlProject\Datascienceproject\src\datascience\pipeline\data_validation_pipeline.py", line 14, in initiate_data_validation
    data_validation.validate_all_columns()
  File "F:\MlProject\Datascienceproject\src\datascience\components\data_validation.py", line 33, in validate_all_columns
    raise e
  File "F:\MlProject\Datascienceproject\src\datascience\components\data_validation.py", line 14, in validate_all_columns
    data = pd.read_csv(self.config.unzip_data_dir)
           ^^
NameError: name 'pd' is not defined
[2025-03-13 15:30:05,571: INFO: main: Welcome to our Custom logging Data Science]
[2025-03-13 15:30:05,571: INFO: main: >>>>>> stage DATA INGESTION STAGE started<<<<<< ]
[2025-03-13 15:30:05,571: INFO: common: yaml file: config\config.yaml loaded successfully]
[2025-03-13 15:30:05,571: INFO: common: yaml file: params.yaml loaded successfully]
[2025-03-13 15:30:05,571: INFO: common: yaml file: schema.yaml loaded successfully]
[2025-03-13 15:30:05,571: INFO: common: created directory at: artifacts]
[2025-03-13 15:30:05,587: INFO: common: created directory at: artifacts/data_ingestion]
[2025-03-13 15:30:05,588: INFO: data_ingestion: File already exists with size: 0.02 MB]
[2025-03-13 15:30:05,590: INFO: data_ingestion: Extracted files to artifacts/data_ingestion]
[2025-03-13 15:30:05,590: INFO: main: >>>>> stageDATA INGESTION STAGE completed<<<<<<<< ]
[2025-03-13 15:30:05,599: INFO: main: >>>>>> stage Data Validation Stage started<<<<<< ]
[2025-03-13 15:30:05,607: INFO: common: yaml file: config\config.yaml loaded successfully]
[2025-03-13 15:30:05,609: INFO: common: yaml file: params.yaml loaded successfully]
[2025-03-13 15:30:05,612: INFO: common: yaml file: schema.yaml loaded successfully]
[2025-03-13 15:30:05,613: INFO: common: created directory at: artifacts]
[2025-03-13 15:30:05,614: INFO: common: created directory at: artifacts/data_validation]
[2025-03-13 15:30:05,644: INFO: main: >>>>> stageData Validation Stage completed<<<<<<<< ]
[2025-03-16 14:17:44,274: INFO: common: yaml file: config\config.yaml loaded successfully]
[2025-03-16 14:17:44,859: INFO: common: yaml file: params.yaml loaded successfully]
[2025-03-16 14:17:44,888: INFO: common: yaml file: schema.yaml loaded successfully]
[2025-03-16 14:17:44,968: INFO: common: created directory at: artifacts]
[2025-03-16 14:19:18,899: INFO: common: yaml file: config\config.yaml loaded successfully]
[2025-03-16 14:19:18,902: INFO: common: yaml file: params.yaml loaded successfully]
[2025-03-16 14:19:18,909: INFO: common: yaml file: schema.yaml loaded successfully]
[2025-03-16 14:19:18,911: INFO: common: created directory at: artifacts]
[2025-03-16 14:19:23,787: INFO: common: yaml file: config\config.yaml loaded successfully]
[2025-03-16 14:19:23,791: INFO: common: yaml file: params.yaml loaded successfully]
[2025-03-16 14:19:23,795: INFO: common: yaml file: schema.yaml loaded successfully]
[2025-03-16 14:19:23,799: INFO: common: created directory at: artifacts]
[2025-03-16 14:20:29,459: INFO: common: yaml file: config\config.yaml loaded successfully]
[2025-03-16 14:20:29,462: INFO: common: yaml file: params.yaml loaded successfully]
[2025-03-16 14:20:29,467: INFO: common: yaml file: schema.yaml loaded successfully]
[2025-03-16 14:20:29,469: INFO: common: created directory at: artifacts]
[2025-03-16 14:21:14,918: INFO: common: yaml file: config\config.yaml loaded successfully]
[2025-03-16 14:21:14,922: INFO: common: yaml file: params.yaml loaded successfully]
[2025-03-16 14:21:14,927: INFO: common: yaml file: schema.yaml loaded successfully]
[2025-03-16 14:21:14,930: INFO: common: created directory at: artifacts]
[2025-03-16 14:24:11,008: INFO: common: yaml file: config\config.yaml loaded successfully]
[2025-03-16 14:24:11,177: INFO: common: yaml file: params.yaml loaded successfully]
[2025-03-16 14:24:11,205: INFO: common: yaml file: schema.yaml loaded successfully]
[2025-03-16 14:24:11,208: INFO: common: created directory at: artifacts]
[2025-03-16 14:24:11,210: INFO: common: created directory at: artifacts/data_transformation]
[2025-03-16 14:24:14,500: INFO: 741865018: Splited data into training and test sets]
[2025-03-16 14:24:14,501: INFO: 741865018: (1199, 12)]
[2025-03-16 14:24:14,503: INFO: 741865018: (400, 12)]
[2025-03-16 14:52:27,810: INFO: main: Welcome to our Custom logging Data Science]
[2025-03-16 14:52:27,810: INFO: main: >>>>>> stage DATA INGESTION STAGE started<<<<<< ]
[2025-03-16 14:52:27,814: INFO: common: yaml file: config\config.yaml loaded successfully]
[2025-03-16 14:52:27,828: INFO: common: yaml file: params.yaml loaded successfully]
[2025-03-16 14:52:27,831: INFO: common: yaml file: schema.yaml loaded successfully]
[2025-03-16 14:52:27,833: INFO: common: created directory at: artifacts]
[2025-03-16 14:52:27,834: INFO: common: created directory at: artifacts/data_ingestion]
[2025-03-16 14:52:27,834: INFO: data_ingestion: File already exists with size: 0.02 MB]
[2025-03-16 14:52:27,985: INFO: data_ingestion: Extracted files to artifacts/data_ingestion]
[2025-03-16 14:52:27,986: INFO: main: >>>>> stageDATA INGESTION STAGE completed<<<<<<<< ]
[2025-03-16 14:52:27,988: INFO: main: >>>>>> stage Data Validation Stage started<<<<<< ]
[2025-03-16 14:52:27,993: INFO: common: yaml file: config\config.yaml loaded successfully]
[2025-03-16 14:52:27,995: INFO: common: yaml file: params.yaml loaded successfully]
[2025-03-16 14:52:28,000: INFO: common: yaml file: schema.yaml loaded successfully]
[2025-03-16 14:52:28,019: INFO: common: created directory at: artifacts]
[2025-03-16 14:52:28,020: INFO: common: created directory at: artifacts/data_validation]
[2025-03-16 14:52:28,088: INFO: main: >>>>> stageData Validation Stage completed<<<<<<<< ]
[2025-03-16 14:54:10,184: INFO: main: Welcome to our Custom logging Data Science]
[2025-03-16 14:54:10,185: INFO: main: >>>>>> stage DATA INGESTION STAGE started<<<<<< ]
[2025-03-16 14:54:10,189: INFO: common: yaml file: config\config.yaml loaded successfully]
[2025-03-16 14:54:10,191: INFO: common: yaml file: params.yaml loaded successfully]
[2025-03-16 14:54:10,197: INFO: common: yaml file: schema.yaml loaded successfully]
[2025-03-16 14:54:10,198: INFO: common: created directory at: artifacts]
[2025-03-16 14:54:10,199: INFO: common: created directory at: artifacts/data_ingestion]
[2025-03-16 14:54:10,200: INFO: data_ingestion: File already exists with size: 0.02 MB]
[2025-03-16 14:54:10,204: INFO: data_ingestion: Extracted files to artifacts/data_ingestion]
[2025-03-16 14:54:10,205: INFO: main: >>>>> stageDATA INGESTION STAGE completed<<<<<<<< ]
[2025-03-16 14:54:10,206: INFO: main: >>>>>> stage Data Validation Stage started<<<<<< ]
[2025-03-16 14:54:10,214: INFO: common: yaml file: config\config.yaml loaded successfully]
[2025-03-16 14:54:10,215: INFO: common: yaml file: params.yaml loaded successfully]
[2025-03-16 14:54:10,219: INFO: common: yaml file: schema.yaml loaded successfully]
[2025-03-16 14:54:10,220: INFO: common: created directory at: artifacts]
[2025-03-16 14:54:10,221: INFO: common: created directory at: artifacts/data_validation]
[2025-03-16 14:54:10,252: INFO: main: >>>>> stageData Validation Stage completed<<<<<<<< ]
[2025-03-16 14:54:10,252: INFO: main: >>>>>> stage Data Transformation Stage started<<<<<< ]
[2025-03-16 14:54:10,257: INFO: common: yaml file: config\config.yaml loaded successfully]
[2025-03-16 14:54:10,260: INFO: common: yaml file: params.yaml loaded successfully]
[2025-03-16 14:54:10,263: INFO: common: yaml file: schema.yaml loaded successfully]
[2025-03-16 14:54:10,264: INFO: common: created directory at: artifacts]
[2025-03-16 14:54:10,265: INFO: common: created directory at: artifacts/data_transformation]
[2025-03-16 14:54:10,300: INFO: data_transformation: Splited data into training and test sets]
[2025-03-16 14:54:10,301: INFO: data_transformation: (1199, 12)]
[2025-03-16 14:54:10,302: INFO: data_transformation: (400, 12)]
[2025-03-16 14:54:10,303: INFO: main: >>>>> stageData Transformation Stage completed<<<<<<<< ]
[2025-03-16 17:18:22,420: INFO: common: yaml file: config\config.yaml loaded successfully]
[2025-03-16 17:18:22,607: INFO: common: yaml file: params.yaml loaded successfully]
[2025-03-16 17:18:22,620: INFO: common: yaml file: schema.yaml loaded successfully]
[2025-03-16 17:18:22,649: INFO: common: created directory at: artifacts]
[2025-03-16 17:18:49,493: INFO: common: yaml file: config\config.yaml loaded successfully]
[2025-03-16 17:18:49,518: INFO: common: yaml file: params.yaml loaded successfully]
[2025-03-16 17:18:49,524: INFO: common: yaml file: schema.yaml loaded successfully]
[2025-03-16 17:18:49,529: INFO: common: created directory at: artifacts]
[2025-03-16 17:19:37,763: INFO: common: yaml file: config\config.yaml loaded successfully]
[2025-03-16 17:19:37,768: INFO: common: yaml file: params.yaml loaded successfully]
[2025-03-16 17:19:37,774: INFO: common: yaml file: schema.yaml loaded successfully]
[2025-03-16 17:19:37,776: INFO: common: created directory at: artifacts]
[2025-03-16 17:19:37,778: INFO: common: created directory at: artifacts/model_trainer]
[2025-03-16 17:20:57,015: INFO: common: yaml file: config\config.yaml loaded successfully]
[2025-03-16 17:20:57,021: INFO: common: yaml file: params.yaml loaded successfully]
[2025-03-16 17:20:57,025: INFO: common: yaml file: schema.yaml loaded successfully]
[2025-03-16 17:20:57,028: INFO: common: created directory at: artifacts]
[2025-03-16 17:20:57,030: INFO: common: created directory at: artifacts/model_trainer]
[2025-03-17 12:10:34,451: INFO: main: Welcome to our Custom logging Data Science]
[2025-03-17 12:10:34,459: INFO: main: >>>>>> stage DATA INGESTION STAGE started<<<<<< ]
[2025-03-17 12:10:34,484: INFO: common: yaml file: config\config.yaml loaded successfully]
[2025-03-17 12:10:34,489: INFO: common: yaml file: params.yaml loaded successfully]
[2025-03-17 12:10:34,505: INFO: common: yaml file: schema.yaml loaded successfully]
[2025-03-17 12:10:34,506: INFO: common: created directory at: artifacts]
[2025-03-17 12:10:34,507: INFO: common: created directory at: artifacts/data_ingestion]
[2025-03-17 12:10:34,508: INFO: data_ingestion: File already exists with size: 0.02 MB]
[2025-03-17 12:10:34,582: INFO: data_ingestion: Extracted files to artifacts/data_ingestion]
[2025-03-17 12:10:34,582: INFO: main: >>>>> stageDATA INGESTION STAGE completed<<<<<<<< ]
[2025-03-17 12:10:34,582: INFO: main: >>>>>> stage Data Validation Stage started<<<<<< ]
[2025-03-17 12:10:34,582: INFO: common: yaml file: config\config.yaml loaded successfully]
[2025-03-17 12:10:34,582: INFO: common: yaml file: params.yaml loaded successfully]
[2025-03-17 12:10:34,596: INFO: common: yaml file: schema.yaml loaded successfully]
[2025-03-17 12:10:34,599: INFO: common: created directory at: artifacts]
[2025-03-17 12:10:34,599: INFO: common: created directory at: artifacts/data_validation]
[2025-03-17 12:10:34,631: INFO: main: >>>>> stageData Validation Stage completed<<<<<<<< ]
[2025-03-17 12:10:34,632: INFO: main: >>>>>> stage Data Transformation Stage started<<<<<< ]
[2025-03-17 12:10:34,632: INFO: common: yaml file: config\config.yaml loaded successfully]
[2025-03-17 12:10:34,650: INFO: common: yaml file: params.yaml loaded successfully]
[2025-03-17 12:10:34,653: INFO: common: yaml file: schema.yaml loaded successfully]
[2025-03-17 12:10:34,655: INFO: common: created directory at: artifacts]
[2025-03-17 12:10:34,655: INFO: common: created directory at: artifacts/data_transformation]
[2025-03-17 12:10:34,732: INFO: data_transformation: Splited data into training and test sets]
[2025-03-17 12:10:34,732: INFO: data_transformation: (1199, 12)]
[2025-03-17 12:10:34,732: INFO: data_transformation: (400, 12)]
[2025-03-17 12:10:34,732: INFO: main: >>>>> stageData Transformation Stage completed<<<<<<<< ]
[2025-03-17 12:10:34,732: INFO: main: >>>>>> stage Model Trainer stage started<<<<<< ]
[2025-03-17 12:10:34,732: INFO: common: yaml file: config\config.yaml loaded successfully]
[2025-03-17 12:10:34,732: INFO: common: yaml file: params.yaml loaded successfully]
[2025-03-17 12:10:34,751: INFO: common: yaml file: schema.yaml loaded successfully]
[2025-03-17 12:10:34,752: INFO: common: created directory at: artifacts]
[2025-03-17 12:10:34,753: INFO: common: created directory at: artifacts/model_trainer]
[2025-03-17 12:10:34,754: ERROR: main: ModelTrainer.__init__() got an unexpected keyword argument 'cpnfig']
Traceback (most recent call last):
  File "F:\MlProject\Datascienceproject\main.py", line 47, in <module>
    obj.initaite_model_training()
  File "F:\MlProject\Datascienceproject\src\datascience\pipeline\model_trainer_pipeline.py", line 14, in initaite_model_training
    model_trainer_config = ModelTrainer(cpnfig=model_trainer_config)
                           ^^^^^^^^^^^^^^^^^^^^^^^^^^^^^^^^^^^^^^^^^
TypeError: ModelTrainer.__init__() got an unexpected keyword argument 'cpnfig'
[2025-03-17 12:11:54,367: INFO: main: Welcome to our Custom logging Data Science]
[2025-03-17 12:11:54,367: INFO: main: >>>>>> stage DATA INGESTION STAGE started<<<<<< ]
[2025-03-17 12:11:54,367: INFO: common: yaml file: config\config.yaml loaded successfully]
[2025-03-17 12:11:54,367: INFO: common: yaml file: params.yaml loaded successfully]
[2025-03-17 12:11:54,386: INFO: common: yaml file: schema.yaml loaded successfully]
[2025-03-17 12:11:54,389: INFO: common: created directory at: artifacts]
[2025-03-17 12:11:54,391: INFO: common: created directory at: artifacts/data_ingestion]
[2025-03-17 12:11:54,392: INFO: data_ingestion: File already exists with size: 0.02 MB]
[2025-03-17 12:11:54,396: INFO: data_ingestion: Extracted files to artifacts/data_ingestion]
[2025-03-17 12:11:54,396: INFO: main: >>>>> stageDATA INGESTION STAGE completed<<<<<<<< ]
[2025-03-17 12:11:54,397: INFO: main: >>>>>> stage Data Validation Stage started<<<<<< ]
[2025-03-17 12:11:54,403: INFO: common: yaml file: config\config.yaml loaded successfully]
[2025-03-17 12:11:54,405: INFO: common: yaml file: params.yaml loaded successfully]
[2025-03-17 12:11:54,410: INFO: common: yaml file: schema.yaml loaded successfully]
[2025-03-17 12:11:54,412: INFO: common: created directory at: artifacts]
[2025-03-17 12:11:54,412: INFO: common: created directory at: artifacts/data_validation]
[2025-03-17 12:11:54,442: INFO: main: >>>>> stageData Validation Stage completed<<<<<<<< ]
[2025-03-17 12:11:54,443: INFO: main: >>>>>> stage Data Transformation Stage started<<<<<< ]
[2025-03-17 12:11:54,449: INFO: common: yaml file: config\config.yaml loaded successfully]
[2025-03-17 12:11:54,451: INFO: common: yaml file: params.yaml loaded successfully]
[2025-03-17 12:11:54,454: INFO: common: yaml file: schema.yaml loaded successfully]
[2025-03-17 12:11:54,456: INFO: common: created directory at: artifacts]
[2025-03-17 12:11:54,457: INFO: common: created directory at: artifacts/data_transformation]
[2025-03-17 12:11:54,490: INFO: data_transformation: Splited data into training and test sets]
[2025-03-17 12:11:54,491: INFO: data_transformation: (1199, 12)]
[2025-03-17 12:11:54,492: INFO: data_transformation: (400, 12)]
[2025-03-17 12:11:54,492: INFO: main: >>>>> stageData Transformation Stage completed<<<<<<<< ]
[2025-03-17 12:11:54,492: INFO: main: >>>>>> stage Model Trainer stage started<<<<<< ]
[2025-03-17 12:11:54,492: INFO: common: yaml file: config\config.yaml loaded successfully]
[2025-03-17 12:11:54,492: INFO: common: yaml file: params.yaml loaded successfully]
[2025-03-17 12:11:54,504: INFO: common: yaml file: schema.yaml loaded successfully]
[2025-03-17 12:11:54,506: INFO: common: created directory at: artifacts]
[2025-03-17 12:11:54,508: INFO: common: created directory at: artifacts/model_trainer]
[2025-03-17 12:11:54,655: INFO: main: >>>>> stageModel Trainer stage completed<<<<<<<< ]
[2025-03-17 13:04:01,806: INFO: common: yaml file: config\config.yaml loaded successfully]
[2025-03-17 13:04:01,810: INFO: common: yaml file: params.yaml loaded successfully]
[2025-03-17 13:04:01,818: INFO: common: yaml file: schema.yaml loaded successfully]
[2025-03-17 13:04:01,821: INFO: common: created directory at: artifacts]
[2025-03-17 13:04:01,824: INFO: common: created directory at: artifacts/model_evaluation]
[2025-03-17 13:04:03,892: INFO: common: json file is saved at:: artifacts\model_evaluation\metrics.json]
[2025-03-17 13:28:29,281: INFO: main: Welcome to our Custom logging Data Science]
[2025-03-17 13:28:29,281: INFO: main: >>>>>> stage DATA INGESTION STAGE started<<<<<< ]
[2025-03-17 13:28:29,281: INFO: common: yaml file: config\config.yaml loaded successfully]
[2025-03-17 13:28:29,299: INFO: common: yaml file: params.yaml loaded successfully]
[2025-03-17 13:28:29,307: INFO: common: yaml file: schema.yaml loaded successfully]
[2025-03-17 13:28:29,311: INFO: common: created directory at: artifacts]
[2025-03-17 13:28:29,319: INFO: common: created directory at: artifacts/data_ingestion]
[2025-03-17 13:28:29,322: INFO: data_ingestion: File already exists with size: 0.02 MB]
[2025-03-17 13:28:29,324: INFO: data_ingestion: Extracted files to artifacts/data_ingestion]
[2025-03-17 13:28:29,324: INFO: main: >>>>> stageDATA INGESTION STAGE completed<<<<<<<< ]
[2025-03-17 13:28:29,337: INFO: main: >>>>>> stage Data Validation Stage started<<<<<< ]
[2025-03-17 13:28:29,348: INFO: common: yaml file: config\config.yaml loaded successfully]
[2025-03-17 13:28:29,353: INFO: common: yaml file: params.yaml loaded successfully]
[2025-03-17 13:28:29,361: INFO: common: yaml file: schema.yaml loaded successfully]
[2025-03-17 13:28:29,363: INFO: common: created directory at: artifacts]
[2025-03-17 13:28:29,370: INFO: common: created directory at: artifacts/data_validation]
[2025-03-17 13:28:29,437: INFO: main: >>>>> stageData Validation Stage completed<<<<<<<< ]
[2025-03-17 13:28:29,437: INFO: main: >>>>>> stage Data Transformation Stage started<<<<<< ]
[2025-03-17 13:28:29,450: INFO: common: yaml file: config\config.yaml loaded successfully]
[2025-03-17 13:28:29,454: INFO: common: yaml file: params.yaml loaded successfully]
[2025-03-17 13:28:29,459: INFO: common: yaml file: schema.yaml loaded successfully]
[2025-03-17 13:28:29,459: INFO: common: created directory at: artifacts]
[2025-03-17 13:28:29,468: INFO: common: created directory at: artifacts/data_transformation]
[2025-03-17 13:28:29,524: INFO: data_transformation: Splited data into training and test sets]
[2025-03-17 13:28:29,525: INFO: data_transformation: (1199, 12)]
[2025-03-17 13:28:29,526: INFO: data_transformation: (400, 12)]
[2025-03-17 13:28:29,527: INFO: main: >>>>> stageData Transformation Stage completed<<<<<<<< ]
[2025-03-17 13:28:29,528: INFO: main: >>>>>> stage Model Trainer stage started<<<<<< ]
[2025-03-17 13:28:29,538: INFO: common: yaml file: config\config.yaml loaded successfully]
[2025-03-17 13:28:29,541: INFO: common: yaml file: params.yaml loaded successfully]
[2025-03-17 13:28:29,547: INFO: common: yaml file: schema.yaml loaded successfully]
[2025-03-17 13:28:29,549: INFO: common: created directory at: artifacts]
[2025-03-17 13:28:29,550: INFO: common: created directory at: artifacts/model_trainer]
[2025-03-17 13:28:29,617: INFO: main: >>>>> stageModel Trainer stage completed<<<<<<<< ]
[2025-03-17 13:28:29,617: INFO: main: >>>>>> stage Model evaluation stage started <<<<<<]
[2025-03-17 13:28:29,617: ERROR: main: 'ModelEvaluationTrainingPipeline' object has no attribute 'initiate_model_evaluation']
Traceback (most recent call last):
  File "F:\MlProject\Datascienceproject\main.py", line 58, in <module>
    data_ingestion.initiate_model_evaluation()
    ^^^^^^^^^^^^^^^^^^^^^^^^^^^^^^^^^^^^^^^^
AttributeError: 'ModelEvaluationTrainingPipeline' object has no attribute 'initiate_model_evaluation'. Did you mean: 'initiate_model_evaluatio'?
[2025-03-17 13:30:58,996: INFO: main: Welcome to our Custom logging Data Science]
[2025-03-17 13:30:58,996: INFO: main: >>>>>> stage DATA INGESTION STAGE started<<<<<< ]
[2025-03-17 13:30:59,012: INFO: common: yaml file: config\config.yaml loaded successfully]
[2025-03-17 13:30:59,018: INFO: common: yaml file: params.yaml loaded successfully]
[2025-03-17 13:30:59,023: INFO: common: yaml file: schema.yaml loaded successfully]
[2025-03-17 13:30:59,024: INFO: common: created directory at: artifacts]
[2025-03-17 13:30:59,026: INFO: common: created directory at: artifacts/data_ingestion]
[2025-03-17 13:30:59,027: INFO: data_ingestion: File already exists with size: 0.02 MB]
[2025-03-17 13:30:59,034: INFO: data_ingestion: Extracted files to artifacts/data_ingestion]
[2025-03-17 13:30:59,035: INFO: main: >>>>> stageDATA INGESTION STAGE completed<<<<<<<< ]
[2025-03-17 13:30:59,035: INFO: main: >>>>>> stage Data Validation Stage started<<<<<< ]
[2025-03-17 13:30:59,040: INFO: common: yaml file: config\config.yaml loaded successfully]
[2025-03-17 13:30:59,043: INFO: common: yaml file: params.yaml loaded successfully]
[2025-03-17 13:30:59,046: INFO: common: yaml file: schema.yaml loaded successfully]
[2025-03-17 13:30:59,049: INFO: common: created directory at: artifacts]
[2025-03-17 13:30:59,052: INFO: common: created directory at: artifacts/data_validation]
[2025-03-17 13:30:59,081: INFO: main: >>>>> stageData Validation Stage completed<<<<<<<< ]
[2025-03-17 13:30:59,083: INFO: main: >>>>>> stage Data Transformation Stage started<<<<<< ]
[2025-03-17 13:30:59,088: INFO: common: yaml file: config\config.yaml loaded successfully]
[2025-03-17 13:30:59,095: INFO: common: yaml file: params.yaml loaded successfully]
[2025-03-17 13:30:59,108: INFO: common: yaml file: schema.yaml loaded successfully]
[2025-03-17 13:30:59,113: INFO: common: created directory at: artifacts]
[2025-03-17 13:30:59,116: INFO: common: created directory at: artifacts/data_transformation]
[2025-03-17 13:30:59,150: INFO: data_transformation: Splited data into training and test sets]
[2025-03-17 13:30:59,151: INFO: data_transformation: (1199, 12)]
[2025-03-17 13:30:59,152: INFO: data_transformation: (400, 12)]
[2025-03-17 13:30:59,154: INFO: main: >>>>> stageData Transformation Stage completed<<<<<<<< ]
[2025-03-17 13:30:59,159: INFO: main: >>>>>> stage Model Trainer stage started<<<<<< ]
[2025-03-17 13:30:59,167: INFO: common: yaml file: config\config.yaml loaded successfully]
[2025-03-17 13:30:59,171: INFO: common: yaml file: params.yaml loaded successfully]
[2025-03-17 13:30:59,174: INFO: common: yaml file: schema.yaml loaded successfully]
[2025-03-17 13:30:59,175: INFO: common: created directory at: artifacts]
[2025-03-17 13:30:59,177: INFO: common: created directory at: artifacts/model_trainer]
[2025-03-17 13:30:59,343: INFO: main: >>>>> stageModel Trainer stage completed<<<<<<<< ]
[2025-03-17 13:30:59,343: INFO: main: >>>>>> stage Model evaluation stage started <<<<<<]
[2025-03-17 13:30:59,343: ERROR: main: ModelEvaluationTrainingPipeline.initiate_model_evaluatio() takes 0 positional arguments but 1 was given]
Traceback (most recent call last):
  File "F:\MlProject\Datascienceproject\main.py", line 58, in <module>
    data_ingestion.initiate_model_evaluatio()
TypeError: ModelEvaluationTrainingPipeline.initiate_model_evaluatio() takes 0 positional arguments but 1 was given
[2025-03-17 13:33:08,429: INFO: main: Welcome to our Custom logging Data Science]
[2025-03-17 13:33:08,429: INFO: main: >>>>>> stage DATA INGESTION STAGE started<<<<<< ]
[2025-03-17 13:33:08,445: INFO: common: yaml file: config\config.yaml loaded successfully]
[2025-03-17 13:33:08,449: INFO: common: yaml file: params.yaml loaded successfully]
[2025-03-17 13:33:08,455: INFO: common: yaml file: schema.yaml loaded successfully]
[2025-03-17 13:33:08,455: INFO: common: created directory at: artifacts]
[2025-03-17 13:33:08,459: INFO: common: created directory at: artifacts/data_ingestion]
[2025-03-17 13:33:08,460: INFO: data_ingestion: File already exists with size: 0.02 MB]
[2025-03-17 13:33:08,464: INFO: data_ingestion: Extracted files to artifacts/data_ingestion]
[2025-03-17 13:33:08,465: INFO: main: >>>>> stageDATA INGESTION STAGE completed<<<<<<<< ]
[2025-03-17 13:33:08,465: INFO: main: >>>>>> stage Data Validation Stage started<<<<<< ]
[2025-03-17 13:33:08,474: INFO: common: yaml file: config\config.yaml loaded successfully]
[2025-03-17 13:33:08,476: INFO: common: yaml file: params.yaml loaded successfully]
[2025-03-17 13:33:08,478: INFO: common: yaml file: schema.yaml loaded successfully]
[2025-03-17 13:33:08,479: INFO: common: created directory at: artifacts]
[2025-03-17 13:33:08,479: INFO: common: created directory at: artifacts/data_validation]
[2025-03-17 13:33:08,505: INFO: main: >>>>> stageData Validation Stage completed<<<<<<<< ]
[2025-03-17 13:33:08,505: INFO: main: >>>>>> stage Data Transformation Stage started<<<<<< ]
[2025-03-17 13:33:08,520: INFO: common: yaml file: config\config.yaml loaded successfully]
[2025-03-17 13:33:08,523: INFO: common: yaml file: params.yaml loaded successfully]
[2025-03-17 13:33:08,525: INFO: common: yaml file: schema.yaml loaded successfully]
[2025-03-17 13:33:08,527: INFO: common: created directory at: artifacts]
[2025-03-17 13:33:08,527: INFO: common: created directory at: artifacts/data_transformation]
[2025-03-17 13:33:08,562: INFO: data_transformation: Splited data into training and test sets]
[2025-03-17 13:33:08,562: INFO: data_transformation: (1199, 12)]
[2025-03-17 13:33:08,563: INFO: data_transformation: (400, 12)]
[2025-03-17 13:33:08,563: INFO: main: >>>>> stageData Transformation Stage completed<<<<<<<< ]
[2025-03-17 13:33:08,563: INFO: main: >>>>>> stage Model Trainer stage started<<<<<< ]
[2025-03-17 13:33:08,573: INFO: common: yaml file: config\config.yaml loaded successfully]
[2025-03-17 13:33:08,575: INFO: common: yaml file: params.yaml loaded successfully]
[2025-03-17 13:33:08,578: INFO: common: yaml file: schema.yaml loaded successfully]
[2025-03-17 13:33:08,578: INFO: common: created directory at: artifacts]
[2025-03-17 13:33:08,580: INFO: common: created directory at: artifacts/model_trainer]
[2025-03-17 13:33:08,621: INFO: main: >>>>> stageModel Trainer stage completed<<<<<<<< ]
[2025-03-17 13:33:08,621: INFO: main: >>>>>> stage Model evaluation stage started <<<<<<]
[2025-03-17 13:33:08,621: ERROR: main: ModelEvaluationTrainingPipeline.initiate_model_evaluation() takes 0 positional arguments but 1 was given]
Traceback (most recent call last):
  File "F:\MlProject\Datascienceproject\main.py", line 58, in <module>
    data_ingestion.initiate_model_evaluation()
TypeError: ModelEvaluationTrainingPipeline.initiate_model_evaluation() takes 0 positional arguments but 1 was given
[2025-03-17 13:33:26,502: INFO: main: Welcome to our Custom logging Data Science]
[2025-03-17 13:33:26,502: INFO: main: >>>>>> stage DATA INGESTION STAGE started<<<<<< ]
[2025-03-17 13:33:26,518: INFO: common: yaml file: config\config.yaml loaded successfully]
[2025-03-17 13:33:26,524: INFO: common: yaml file: params.yaml loaded successfully]
[2025-03-17 13:33:26,528: INFO: common: yaml file: schema.yaml loaded successfully]
[2025-03-17 13:33:26,529: INFO: common: created directory at: artifacts]
[2025-03-17 13:33:26,530: INFO: common: created directory at: artifacts/data_ingestion]
[2025-03-17 13:33:26,531: INFO: data_ingestion: File already exists with size: 0.02 MB]
[2025-03-17 13:33:26,536: INFO: data_ingestion: Extracted files to artifacts/data_ingestion]
[2025-03-17 13:33:26,536: INFO: main: >>>>> stageDATA INGESTION STAGE completed<<<<<<<< ]
[2025-03-17 13:33:26,537: INFO: main: >>>>>> stage Data Validation Stage started<<<<<< ]
[2025-03-17 13:33:26,542: INFO: common: yaml file: config\config.yaml loaded successfully]
[2025-03-17 13:33:26,542: INFO: common: yaml file: params.yaml loaded successfully]
[2025-03-17 13:33:26,542: INFO: common: yaml file: schema.yaml loaded successfully]
[2025-03-17 13:33:26,552: INFO: common: created directory at: artifacts]
[2025-03-17 13:33:26,553: INFO: common: created directory at: artifacts/data_validation]
[2025-03-17 13:33:26,576: INFO: main: >>>>> stageData Validation Stage completed<<<<<<<< ]
[2025-03-17 13:33:26,576: INFO: main: >>>>>> stage Data Transformation Stage started<<<<<< ]
[2025-03-17 13:33:26,596: INFO: common: yaml file: config\config.yaml loaded successfully]
[2025-03-17 13:33:26,599: INFO: common: yaml file: params.yaml loaded successfully]
[2025-03-17 13:33:26,602: INFO: common: yaml file: schema.yaml loaded successfully]
[2025-03-17 13:33:26,603: INFO: common: created directory at: artifacts]
[2025-03-17 13:33:26,603: INFO: common: created directory at: artifacts/data_transformation]
[2025-03-17 13:33:26,625: INFO: data_transformation: Splited data into training and test sets]
[2025-03-17 13:33:26,625: INFO: data_transformation: (1199, 12)]
[2025-03-17 13:33:26,625: INFO: data_transformation: (400, 12)]
[2025-03-17 13:33:26,641: INFO: main: >>>>> stageData Transformation Stage completed<<<<<<<< ]
[2025-03-17 13:33:26,642: INFO: main: >>>>>> stage Model Trainer stage started<<<<<< ]
[2025-03-17 13:33:26,648: INFO: common: yaml file: config\config.yaml loaded successfully]
[2025-03-17 13:33:26,650: INFO: common: yaml file: params.yaml loaded successfully]
[2025-03-17 13:33:26,652: INFO: common: yaml file: schema.yaml loaded successfully]
[2025-03-17 13:33:26,652: INFO: common: created directory at: artifacts]
[2025-03-17 13:33:26,656: INFO: common: created directory at: artifacts/model_trainer]
[2025-03-17 13:33:26,709: INFO: main: >>>>> stageModel Trainer stage completed<<<<<<<< ]
[2025-03-17 13:33:26,709: INFO: main: >>>>>> stage Model evaluation stage started <<<<<<]
[2025-03-17 13:33:26,724: INFO: common: yaml file: config\config.yaml loaded successfully]
[2025-03-17 13:33:26,727: INFO: common: yaml file: params.yaml loaded successfully]
[2025-03-17 13:33:26,730: INFO: common: yaml file: schema.yaml loaded successfully]
[2025-03-17 13:33:26,731: INFO: common: created directory at: artifacts]
[2025-03-17 13:33:26,732: INFO: common: created directory at: artifacts/model_evaluation]
[2025-03-17 13:33:28,142: INFO: common: json file is saved at:: artifacts\model_evaluation\metrics.json]
[2025-03-17 13:33:39,647: INFO: main: >>>>>> stage Model evaluation stage completed <<<<<<

x==========x]
[2025-03-17 13:37:29,557: INFO: main: Welcome to our Custom logging Data Science]
[2025-03-17 13:37:29,557: INFO: main: >>>>>> stage DATA INGESTION STAGE started<<<<<< ]
[2025-03-17 13:37:29,557: INFO: common: yaml file: config\config.yaml loaded successfully]
[2025-03-17 13:37:29,574: INFO: common: yaml file: params.yaml loaded successfully]
[2025-03-17 13:37:29,579: INFO: common: yaml file: schema.yaml loaded successfully]
[2025-03-17 13:37:29,583: INFO: common: created directory at: artifacts]
[2025-03-17 13:37:29,585: INFO: common: created directory at: artifacts/data_ingestion]
[2025-03-17 13:37:29,586: INFO: data_ingestion: File already exists with size: 0.02 MB]
[2025-03-17 13:37:29,588: INFO: data_ingestion: Extracted files to artifacts/data_ingestion]
[2025-03-17 13:37:29,588: INFO: main: >>>>> stageDATA INGESTION STAGE completed<<<<<<<< ]
[2025-03-17 13:37:29,595: INFO: main: >>>>>> stage Data Validation Stage started<<<<<< ]
[2025-03-17 13:37:29,605: INFO: common: yaml file: config\config.yaml loaded successfully]
[2025-03-17 13:37:29,607: INFO: common: yaml file: params.yaml loaded successfully]
[2025-03-17 13:37:29,611: INFO: common: yaml file: schema.yaml loaded successfully]
[2025-03-17 13:37:29,613: INFO: common: created directory at: artifacts]
[2025-03-17 13:37:29,613: INFO: common: created directory at: artifacts/data_validation]
[2025-03-17 13:37:29,652: INFO: main: >>>>> stageData Validation Stage completed<<<<<<<< ]
[2025-03-17 13:37:29,652: INFO: main: >>>>>> stage Data Transformation Stage started<<<<<< ]
[2025-03-17 13:37:29,668: INFO: common: yaml file: config\config.yaml loaded successfully]
[2025-03-17 13:37:29,674: INFO: common: yaml file: params.yaml loaded successfully]
[2025-03-17 13:37:29,679: INFO: common: yaml file: schema.yaml loaded successfully]
[2025-03-17 13:37:29,681: INFO: common: created directory at: artifacts]
[2025-03-17 13:37:29,683: INFO: common: created directory at: artifacts/data_transformation]
[2025-03-17 13:37:29,724: INFO: data_transformation: Splited data into training and test sets]
[2025-03-17 13:37:29,724: INFO: data_transformation: (1199, 12)]
[2025-03-17 13:37:29,724: INFO: data_transformation: (400, 12)]
[2025-03-17 13:37:29,724: INFO: main: >>>>> stageData Transformation Stage completed<<<<<<<< ]
[2025-03-17 13:37:29,724: INFO: main: >>>>>> stage Model Trainer stage started<<<<<< ]
[2025-03-17 13:37:29,736: INFO: common: yaml file: config\config.yaml loaded successfully]
[2025-03-17 13:37:29,738: INFO: common: yaml file: params.yaml loaded successfully]
[2025-03-17 13:37:29,741: INFO: common: yaml file: schema.yaml loaded successfully]
[2025-03-17 13:37:29,742: INFO: common: created directory at: artifacts]
[2025-03-17 13:37:29,743: INFO: common: created directory at: artifacts/model_trainer]
[2025-03-17 13:37:29,785: INFO: main: >>>>> stageModel Trainer stage completed<<<<<<<< ]
[2025-03-17 13:37:29,785: INFO: main: >>>>>> stage Model evaluation stage started <<<<<<]
[2025-03-17 13:37:29,785: INFO: common: yaml file: config\config.yaml loaded successfully]
[2025-03-17 13:37:29,785: INFO: common: yaml file: params.yaml loaded successfully]
[2025-03-17 13:37:29,796: INFO: common: yaml file: schema.yaml loaded successfully]
[2025-03-17 13:37:29,797: INFO: common: created directory at: artifacts]
[2025-03-17 13:37:29,798: INFO: common: created directory at: artifacts/model_evaluation]
[2025-03-17 13:37:31,552: INFO: common: json file is saved at:: artifacts\model_evaluation\metrics.json]
[2025-03-17 13:37:48,932: INFO: main: >>>>>> stage Model evaluation stage completed <<<<<<

x==========x]
[2025-03-18 13:33:08,491: INFO: _internal: [31m[1mWARNING: This is a development server. Do not use it in a production deployment. Use a production WSGI server instead.[0m
 * Running on all addresses (0.0.0.0)
 * Running on http://127.0.0.1:8080
 * Running on http://192.168.0.108:8080]
[2025-03-18 13:33:08,507: INFO: _internal: [33mPress CTRL+C to quit[0m]
[2025-03-18 13:33:28,487: INFO: _internal: 127.0.0.1 - - [18/Mar/2025 13:33:28] "GET / HTTP/1.1" 200 -]
[2025-03-18 13:33:29,395: INFO: _internal: 127.0.0.1 - - [18/Mar/2025 13:33:29] "[33mGET /static/assets/img/form-v9.jpg HTTP/1.1[0m" 404 -]
[2025-03-18 13:33:29,528: INFO: _internal: 127.0.0.1 - - [18/Mar/2025 13:33:29] "[33mGET /favicon.ico HTTP/1.1[0m" 404 -]
[2025-03-18 13:34:16,756: INFO: _internal: 127.0.0.1 - - [18/Mar/2025 13:34:16] "GET / HTTP/1.1" 200 -]
[2025-03-18 13:34:17,000: INFO: _internal: 127.0.0.1 - - [18/Mar/2025 13:34:17] "[33mGET /static/assets/img/form-v9.jpg HTTP/1.1[0m" 404 -]
[2025-03-18 13:34:17,060: INFO: _internal: 127.0.0.1 - - [18/Mar/2025 13:34:17] "[33mGET /favicon.ico HTTP/1.1[0m" 404 -]
[2025-03-18 13:34:19,681: INFO: main: Welcome to our Custom logging Data Science]
[2025-03-18 13:34:19,681: INFO: main: >>>>>> stage DATA INGESTION STAGE started<<<<<< ]
[2025-03-18 13:34:19,715: INFO: common: yaml file: config\config.yaml loaded successfully]
[2025-03-18 13:34:19,734: INFO: common: yaml file: params.yaml loaded successfully]
[2025-03-18 13:34:19,749: INFO: common: yaml file: schema.yaml loaded successfully]
[2025-03-18 13:34:19,750: INFO: common: created directory at: artifacts]
[2025-03-18 13:34:19,750: INFO: common: created directory at: artifacts/data_ingestion]
[2025-03-18 13:34:19,750: INFO: data_ingestion: File already exists with size: 0.02 MB]
[2025-03-18 13:34:19,892: INFO: data_ingestion: Extracted files to artifacts/data_ingestion]
[2025-03-18 13:34:19,892: INFO: main: >>>>> stageDATA INGESTION STAGE completed<<<<<<<< ]
[2025-03-18 13:34:19,892: INFO: main: >>>>>> stage Data Validation Stage started<<<<<< ]
[2025-03-18 13:34:19,892: INFO: common: yaml file: config\config.yaml loaded successfully]
[2025-03-18 13:34:19,906: INFO: common: yaml file: params.yaml loaded successfully]
[2025-03-18 13:34:19,912: INFO: common: yaml file: schema.yaml loaded successfully]
[2025-03-18 13:34:19,914: INFO: common: created directory at: artifacts]
[2025-03-18 13:34:19,915: INFO: common: created directory at: artifacts/data_validation]
[2025-03-18 13:34:19,935: INFO: main: >>>>> stageData Validation Stage completed<<<<<<<< ]
[2025-03-18 13:34:19,935: INFO: main: >>>>>> stage Data Transformation Stage started<<<<<< ]
[2025-03-18 13:34:19,954: INFO: common: yaml file: config\config.yaml loaded successfully]
[2025-03-18 13:34:19,954: INFO: common: yaml file: params.yaml loaded successfully]
[2025-03-18 13:34:19,963: INFO: common: yaml file: schema.yaml loaded successfully]
[2025-03-18 13:34:19,963: INFO: common: created directory at: artifacts]
[2025-03-18 13:34:19,968: INFO: common: created directory at: artifacts/data_transformation]
[2025-03-18 13:34:20,013: INFO: data_transformation: Splited data into training and test sets]
[2025-03-18 13:34:20,013: INFO: data_transformation: (1199, 12)]
[2025-03-18 13:34:20,013: INFO: data_transformation: (400, 12)]
[2025-03-18 13:34:20,013: INFO: main: >>>>> stageData Transformation Stage completed<<<<<<<< ]
[2025-03-18 13:34:20,013: INFO: main: >>>>>> stage Model Trainer stage started<<<<<< ]
[2025-03-18 13:34:20,029: INFO: common: yaml file: config\config.yaml loaded successfully]
[2025-03-18 13:34:20,029: INFO: common: yaml file: params.yaml loaded successfully]
[2025-03-18 13:34:20,037: INFO: common: yaml file: schema.yaml loaded successfully]
[2025-03-18 13:34:20,038: INFO: common: created directory at: artifacts]
[2025-03-18 13:34:20,039: INFO: common: created directory at: artifacts/model_trainer]
[2025-03-18 13:34:20,095: INFO: main: >>>>> stageModel Trainer stage completed<<<<<<<< ]
[2025-03-18 13:34:20,095: INFO: main: >>>>>> stage Model evaluation stage started <<<<<<]
[2025-03-18 13:34:20,115: INFO: common: yaml file: config\config.yaml loaded successfully]
[2025-03-18 13:34:20,117: INFO: common: yaml file: params.yaml loaded successfully]
[2025-03-18 13:34:20,123: INFO: common: yaml file: schema.yaml loaded successfully]
[2025-03-18 13:34:20,124: INFO: common: created directory at: artifacts]
[2025-03-18 13:34:20,125: INFO: common: created directory at: artifacts/model_evaluation]
[2025-03-18 13:34:29,690: INFO: _internal: 127.0.0.1 - - [18/Mar/2025 13:34:29] "GET / HTTP/1.1" 200 -]
[2025-03-18 13:34:29,814: INFO: _internal: 127.0.0.1 - - [18/Mar/2025 13:34:29] "[33mGET /static/assets/img/form-v9.jpg HTTP/1.1[0m" 404 -]
[2025-03-18 13:34:29,861: INFO: _internal: 127.0.0.1 - - [18/Mar/2025 13:34:29] "[33mGET /favicon.ico HTTP/1.1[0m" 404 -]
[2025-03-18 13:34:31,113: INFO: common: json file is saved at:: artifacts\model_evaluation\metrics.json]
[2025-03-18 13:34:43,816: INFO: main: Welcome to our Custom logging Data Science]
[2025-03-18 13:34:43,816: INFO: main: >>>>>> stage DATA INGESTION STAGE started<<<<<< ]
[2025-03-18 13:34:43,816: INFO: common: yaml file: config\config.yaml loaded successfully]
[2025-03-18 13:34:43,826: INFO: common: yaml file: params.yaml loaded successfully]
[2025-03-18 13:34:43,829: INFO: common: yaml file: schema.yaml loaded successfully]
[2025-03-18 13:34:43,832: INFO: common: created directory at: artifacts]
[2025-03-18 13:34:43,834: INFO: common: created directory at: artifacts/data_ingestion]
[2025-03-18 13:34:43,835: INFO: data_ingestion: File already exists with size: 0.02 MB]
[2025-03-18 13:34:43,840: INFO: data_ingestion: Extracted files to artifacts/data_ingestion]
[2025-03-18 13:34:43,841: INFO: main: >>>>> stageDATA INGESTION STAGE completed<<<<<<<< ]
[2025-03-18 13:34:43,842: INFO: main: >>>>>> stage Data Validation Stage started<<<<<< ]
[2025-03-18 13:34:43,846: INFO: common: yaml file: config\config.yaml loaded successfully]
[2025-03-18 13:34:43,849: INFO: common: yaml file: params.yaml loaded successfully]
[2025-03-18 13:34:43,853: INFO: common: yaml file: schema.yaml loaded successfully]
[2025-03-18 13:34:43,854: INFO: common: created directory at: artifacts]
[2025-03-18 13:34:43,855: INFO: common: created directory at: artifacts/data_validation]
[2025-03-18 13:34:43,884: INFO: main: >>>>> stageData Validation Stage completed<<<<<<<< ]
[2025-03-18 13:34:43,885: INFO: main: >>>>>> stage Data Transformation Stage started<<<<<< ]
[2025-03-18 13:34:43,894: INFO: common: yaml file: config\config.yaml loaded successfully]
[2025-03-18 13:34:43,898: INFO: common: yaml file: params.yaml loaded successfully]
[2025-03-18 13:34:43,905: INFO: common: yaml file: schema.yaml loaded successfully]
[2025-03-18 13:34:43,908: INFO: common: created directory at: artifacts]
[2025-03-18 13:34:43,909: INFO: common: created directory at: artifacts/data_transformation]
[2025-03-18 13:34:43,956: INFO: data_transformation: Splited data into training and test sets]
[2025-03-18 13:34:43,957: INFO: data_transformation: (1199, 12)]
[2025-03-18 13:34:43,958: INFO: data_transformation: (400, 12)]
[2025-03-18 13:34:43,959: INFO: main: >>>>> stageData Transformation Stage completed<<<<<<<< ]
[2025-03-18 13:34:43,959: INFO: main: >>>>>> stage Model Trainer stage started<<<<<< ]
[2025-03-18 13:34:43,959: INFO: common: yaml file: config\config.yaml loaded successfully]
[2025-03-18 13:34:43,967: INFO: common: yaml file: params.yaml loaded successfully]
[2025-03-18 13:34:43,972: INFO: common: yaml file: schema.yaml loaded successfully]
[2025-03-18 13:34:43,973: INFO: common: created directory at: artifacts]
[2025-03-18 13:34:43,974: INFO: common: created directory at: artifacts/model_trainer]
[2025-03-18 13:34:44,196: INFO: main: >>>>> stageModel Trainer stage completed<<<<<<<< ]
[2025-03-18 13:34:44,207: INFO: main: >>>>>> stage Model evaluation stage started <<<<<<]
[2025-03-18 13:34:44,222: INFO: common: yaml file: config\config.yaml loaded successfully]
[2025-03-18 13:34:44,227: INFO: common: yaml file: params.yaml loaded successfully]
[2025-03-18 13:34:44,237: INFO: common: yaml file: schema.yaml loaded successfully]
[2025-03-18 13:34:44,240: INFO: common: created directory at: artifacts]
[2025-03-18 13:34:44,241: INFO: common: created directory at: artifacts/model_evaluation]
[2025-03-18 13:34:45,732: INFO: common: json file is saved at:: artifacts\model_evaluation\metrics.json]
[2025-03-18 13:35:00,124: INFO: main: >>>>>> stage Model evaluation stage completed <<<<<<

x==========x]
[2025-03-18 13:35:00,124: INFO: main: >>>>>> stage Model evaluation stage completed <<<<<<

x==========x]
[2025-03-18 13:35:01,073: INFO: _internal: 127.0.0.1 - - [18/Mar/2025 13:35:01] "GET /train HTTP/1.1" 200 -]
[2025-03-18 13:35:01,136: INFO: _internal: 127.0.0.1 - - [18/Mar/2025 13:35:01] "GET /train HTTP/1.1" 200 -]
[2025-03-18 13:35:16,277: INFO: _internal: 127.0.0.1 - - [18/Mar/2025 13:35:16] "GET / HTTP/1.1" 200 -]
[2025-03-18 13:35:16,320: INFO: _internal: 127.0.0.1 - - [18/Mar/2025 13:35:16] "[33mGET /static/assets/img/form-v9.jpg HTTP/1.1[0m" 404 -]
[2025-03-18 13:35:33,410: INFO: _internal: 127.0.0.1 - - [18/Mar/2025 13:35:33] "POST /predict HTTP/1.1" 200 -]
[2025-03-18 13:36:17,105: INFO: _internal: 127.0.0.1 - - [18/Mar/2025 13:36:17] "POST /predict HTTP/1.1" 200 -]
[2025-03-18 13:37:43,100: INFO: _internal: [31m[1mWARNING: This is a development server. Do not use it in a production deployment. Use a production WSGI server instead.[0m
 * Running on all addresses (0.0.0.0)
 * Running on http://127.0.0.1:8080
 * Running on http://192.168.0.108:8080]
[2025-03-18 13:37:43,102: INFO: _internal: [33mPress CTRL+C to quit[0m]
[2025-03-18 13:37:47,218: INFO: _internal: 127.0.0.1 - - [18/Mar/2025 13:37:47] "GET / HTTP/1.1" 200 -]
[2025-03-18 13:37:47,606: INFO: _internal: 127.0.0.1 - - [18/Mar/2025 13:37:47] "[33mGET /static/assets/img/form-v9.jpg HTTP/1.1[0m" 404 -]
[2025-03-18 13:37:47,652: INFO: _internal: 127.0.0.1 - - [18/Mar/2025 13:37:47] "[33mGET /favicon.ico HTTP/1.1[0m" 404 -]
[2025-03-18 13:37:56,988: INFO: _internal: 127.0.0.1 - - [18/Mar/2025 13:37:56] "[33mGET /trian HTTP/1.1[0m" 404 -]
[2025-03-18 13:38:08,114: INFO: main: Welcome to our Custom logging Data Science]
[2025-03-18 13:38:08,114: INFO: main: >>>>>> stage DATA INGESTION STAGE started<<<<<< ]
[2025-03-18 13:38:08,114: INFO: common: yaml file: config\config.yaml loaded successfully]
[2025-03-18 13:38:08,128: INFO: common: yaml file: params.yaml loaded successfully]
[2025-03-18 13:38:08,132: INFO: common: yaml file: schema.yaml loaded successfully]
[2025-03-18 13:38:08,134: INFO: common: created directory at: artifacts]
[2025-03-18 13:38:08,135: INFO: common: created directory at: artifacts/data_ingestion]
[2025-03-18 13:38:08,136: INFO: data_ingestion: File already exists with size: 0.02 MB]
[2025-03-18 13:38:08,142: INFO: data_ingestion: Extracted files to artifacts/data_ingestion]
[2025-03-18 13:38:08,143: INFO: main: >>>>> stageDATA INGESTION STAGE completed<<<<<<<< ]
[2025-03-18 13:38:08,144: INFO: main: >>>>>> stage Data Validation Stage started<<<<<< ]
[2025-03-18 13:38:08,152: INFO: common: yaml file: config\config.yaml loaded successfully]
[2025-03-18 13:38:08,156: INFO: common: yaml file: params.yaml loaded successfully]
[2025-03-18 13:38:08,156: INFO: common: yaml file: schema.yaml loaded successfully]
[2025-03-18 13:38:08,156: INFO: common: created directory at: artifacts]
[2025-03-18 13:38:08,162: INFO: common: created directory at: artifacts/data_validation]
[2025-03-18 13:38:08,188: INFO: main: >>>>> stageData Validation Stage completed<<<<<<<< ]
[2025-03-18 13:38:08,188: INFO: main: >>>>>> stage Data Transformation Stage started<<<<<< ]
[2025-03-18 13:38:08,200: INFO: common: yaml file: config\config.yaml loaded successfully]
[2025-03-18 13:38:08,204: INFO: common: yaml file: params.yaml loaded successfully]
[2025-03-18 13:38:08,207: INFO: common: yaml file: schema.yaml loaded successfully]
[2025-03-18 13:38:08,208: INFO: common: created directory at: artifacts]
[2025-03-18 13:38:08,210: INFO: common: created directory at: artifacts/data_transformation]
[2025-03-18 13:38:08,247: INFO: data_transformation: Splited data into training and test sets]
[2025-03-18 13:38:08,248: INFO: data_transformation: (1199, 12)]
[2025-03-18 13:38:08,248: INFO: data_transformation: (400, 12)]
[2025-03-18 13:38:08,250: INFO: main: >>>>> stageData Transformation Stage completed<<<<<<<< ]
[2025-03-18 13:38:08,250: INFO: main: >>>>>> stage Model Trainer stage started<<<<<< ]
[2025-03-18 13:38:08,257: INFO: common: yaml file: config\config.yaml loaded successfully]
[2025-03-18 13:38:08,265: INFO: common: yaml file: params.yaml loaded successfully]
[2025-03-18 13:38:08,270: INFO: common: yaml file: schema.yaml loaded successfully]
[2025-03-18 13:38:08,272: INFO: common: created directory at: artifacts]
[2025-03-18 13:38:08,273: INFO: common: created directory at: artifacts/model_trainer]
[2025-03-18 13:38:08,361: INFO: main: >>>>> stageModel Trainer stage completed<<<<<<<< ]
[2025-03-18 13:38:08,371: INFO: main: >>>>>> stage Model evaluation stage started <<<<<<]
[2025-03-18 13:38:08,384: INFO: common: yaml file: config\config.yaml loaded successfully]
[2025-03-18 13:38:08,401: INFO: common: yaml file: params.yaml loaded successfully]
[2025-03-18 13:38:08,411: INFO: common: yaml file: schema.yaml loaded successfully]
[2025-03-18 13:38:08,415: INFO: common: created directory at: artifacts]
[2025-03-18 13:38:08,415: INFO: common: created directory at: artifacts/model_evaluation]
[2025-03-18 13:38:09,578: INFO: common: json file is saved at:: artifacts\model_evaluation\metrics.json]
[2025-03-18 13:38:19,269: INFO: main: >>>>>> stage Model evaluation stage completed <<<<<<

x==========x]
[2025-03-18 13:38:19,957: INFO: _internal: 127.0.0.1 - - [18/Mar/2025 13:38:19] "GET /train HTTP/1.1" 200 -]
[2025-03-18 13:38:43,229: INFO: _internal: 127.0.0.1 - - [18/Mar/2025 13:38:43] "GET / HTTP/1.1" 200 -]
[2025-03-18 13:38:43,269: INFO: _internal: 127.0.0.1 - - [18/Mar/2025 13:38:43] "[33mGET /static/assets/img/form-v9.jpg HTTP/1.1[0m" 404 -]
[2025-03-18 13:39:03,835: INFO: _internal: 127.0.0.1 - - [18/Mar/2025 13:39:03] "POST /predict HTTP/1.1" 200 -]
[2025-03-18 13:44:02,917: INFO: _internal: 127.0.0.1 - - [18/Mar/2025 13:44:02] "POST /predict HTTP/1.1" 200 -]
[2025-05-01 22:13:27,835: INFO: main: Welcome to our Custom logging Data Science]
[2025-05-01 22:13:27,855: INFO: main: >>>>>> stage DATA INGESTION STAGE started<<<<<< ]
[2025-05-01 22:13:27,880: INFO: common: yaml file: config\config.yaml loaded successfully]
[2025-05-01 22:13:27,913: INFO: common: yaml file: params.yaml loaded successfully]
[2025-05-01 22:13:27,916: INFO: common: yaml file: schema.yaml loaded successfully]
[2025-05-01 22:13:27,918: INFO: common: created directory at: artifacts]
[2025-05-01 22:13:27,919: INFO: common: created directory at: artifacts/data_ingestion]
[2025-05-01 22:13:27,920: INFO: data_ingestion: File already exists with size: 0.02 MB]
[2025-05-01 22:13:27,967: INFO: data_ingestion: Extracted files to artifacts/data_ingestion]
[2025-05-01 22:13:27,968: INFO: main: >>>>> stageDATA INGESTION STAGE completed<<<<<<<< ]
[2025-05-01 22:13:27,970: INFO: main: >>>>>> stage Data Validation Stage started<<<<<< ]
[2025-05-01 22:13:27,974: INFO: common: yaml file: config\config.yaml loaded successfully]
[2025-05-01 22:13:27,975: INFO: common: yaml file: params.yaml loaded successfully]
[2025-05-01 22:13:27,978: INFO: common: yaml file: schema.yaml loaded successfully]
[2025-05-01 22:13:27,979: INFO: common: created directory at: artifacts]
[2025-05-01 22:13:27,979: INFO: common: created directory at: artifacts/data_validation]
[2025-05-01 22:13:28,011: INFO: main: >>>>> stageData Validation Stage completed<<<<<<<< ]
[2025-05-01 22:13:28,012: INFO: main: >>>>>> stage Data Transformation Stage started<<<<<< ]
[2025-05-01 22:13:28,027: INFO: common: yaml file: config\config.yaml loaded successfully]
[2025-05-01 22:13:28,029: INFO: common: yaml file: params.yaml loaded successfully]
[2025-05-01 22:13:28,032: INFO: common: yaml file: schema.yaml loaded successfully]
[2025-05-01 22:13:28,033: INFO: common: created directory at: artifacts]
[2025-05-01 22:13:28,033: INFO: common: created directory at: artifacts/data_transformation]
[2025-05-01 22:13:28,076: INFO: data_transformation: Splited data into training and test sets]
[2025-05-01 22:13:28,077: INFO: data_transformation: (1199, 12)]
[2025-05-01 22:13:28,077: INFO: data_transformation: (400, 12)]
[2025-05-01 22:13:28,078: INFO: main: >>>>> stageData Transformation Stage completed<<<<<<<< ]
[2025-05-01 22:13:28,078: INFO: main: >>>>>> stage Model Trainer stage started<<<<<< ]
[2025-05-01 22:13:28,082: INFO: common: yaml file: config\config.yaml loaded successfully]
[2025-05-01 22:13:28,084: INFO: common: yaml file: params.yaml loaded successfully]
[2025-05-01 22:13:28,089: INFO: common: yaml file: schema.yaml loaded successfully]
[2025-05-01 22:13:28,090: INFO: common: created directory at: artifacts]
[2025-05-01 22:13:28,091: INFO: common: created directory at: artifacts/model_trainer]
[2025-05-01 22:13:28,215: INFO: main: >>>>> stageModel Trainer stage completed<<<<<<<< ]
[2025-05-01 22:13:28,216: INFO: main: >>>>>> stage Model evaluation stage started <<<<<<]
[2025-05-01 22:13:28,219: INFO: common: yaml file: config\config.yaml loaded successfully]
[2025-05-01 22:13:28,220: INFO: common: yaml file: params.yaml loaded successfully]
[2025-05-01 22:13:28,224: INFO: common: yaml file: schema.yaml loaded successfully]
[2025-05-01 22:13:28,226: INFO: common: created directory at: artifacts]
[2025-05-01 22:13:28,228: INFO: common: created directory at: artifacts/model_evaluation]
[2025-05-01 22:13:30,290: INFO: common: json file is saved at:: artifacts\model_evaluation\metrics.json]
[2025-05-01 22:13:43,076: INFO: main: >>>>>> stage Model evaluation stage completed <<<<<<

x==========x]
[2025-05-01 22:14:40,672: INFO: _internal: [31m[1mWARNING: This is a development server. Do not use it in a production deployment. Use a production WSGI server instead.[0m
 * Running on all addresses (0.0.0.0)
 * Running on http://127.0.0.1:8080
 * Running on http://192.168.0.110:8080]
[2025-05-01 22:14:40,674: INFO: _internal: [33mPress CTRL+C to quit[0m]
[2025-05-01 22:14:46,677: INFO: _internal: 127.0.0.1 - - [01/May/2025 22:14:46] "GET / HTTP/1.1" 200 -]
[2025-05-01 22:14:46,713: INFO: _internal: 127.0.0.1 - - [01/May/2025 22:14:46] "[33mGET /static/assets/img/form-v9.jpg HTTP/1.1[0m" 404 -]
[2025-05-01 22:14:46,897: INFO: _internal: 127.0.0.1 - - [01/May/2025 22:14:46] "[33mGET /favicon.ico HTTP/1.1[0m" 404 -]
[2025-05-01 22:15:05,077: INFO: _internal: 127.0.0.1 - - [01/May/2025 22:15:05] "POST /predict HTTP/1.1" 200 -]
[2025-05-02 19:51:53,906: INFO: _internal: [31m[1mWARNING: This is a development server. Do not use it in a production deployment. Use a production WSGI server instead.[0m
 * Running on all addresses (0.0.0.0)
 * Running on http://127.0.0.1:8080
 * Running on http://192.168.0.110:8080]
[2025-05-02 19:51:53,928: INFO: _internal: [33mPress CTRL+C to quit[0m]
[2025-05-02 19:52:10,402: INFO: _internal: 127.0.0.1 - - [02/May/2025 19:52:10] "GET / HTTP/1.1" 200 -]
[2025-05-02 19:52:10,430: INFO: _internal: 127.0.0.1 - - [02/May/2025 19:52:10] "[33mGET /static/assets/img/form-v9.jpg HTTP/1.1[0m" 404 -]
[2025-05-02 19:52:10,581: INFO: _internal: 127.0.0.1 - - [02/May/2025 19:52:10] "[33mGET /favicon.ico HTTP/1.1[0m" 404 -]
[2025-05-02 19:53:34,251: INFO: _internal: 127.0.0.1 - - [02/May/2025 19:53:34] "POST /predict HTTP/1.1" 200 -]
[2025-06-06 21:12:26,293: INFO: _internal: [31m[1mWARNING: This is a development server. Do not use it in a production deployment. Use a production WSGI server instead.[0m
 * Running on all addresses (0.0.0.0)
 * Running on http://127.0.0.1:8080
 * Running on http://192.168.0.110:8080]
[2025-06-06 21:12:26,299: INFO: _internal: [33mPress CTRL+C to quit[0m]
[2025-06-06 21:12:29,230: INFO: _internal: 127.0.0.1 - - [06/Jun/2025 21:12:29] "GET / HTTP/1.1" 200 -]
[2025-06-06 21:12:29,267: INFO: _internal: 127.0.0.1 - - [06/Jun/2025 21:12:29] "[33mGET /static/assets/img/form-v9.jpg HTTP/1.1[0m" 404 -]
[2025-06-06 21:12:29,584: INFO: _internal: 127.0.0.1 - - [06/Jun/2025 21:12:29] "[33mGET /favicon.ico HTTP/1.1[0m" 404 -]
[2025-06-06 21:15:45,110: INFO: _internal: 127.0.0.1 - - [06/Jun/2025 21:15:45] "GET / HTTP/1.1" 200 -]
[2025-06-06 21:15:45,138: INFO: _internal: 127.0.0.1 - - [06/Jun/2025 21:15:45] "[33mGET /static/assets/img/form-v9.jpg HTTP/1.1[0m" 404 -]
[2025-06-06 21:17:49,450: INFO: _internal: [31m[1mWARNING: This is a development server. Do not use it in a production deployment. Use a production WSGI server instead.[0m
 * Running on all addresses (0.0.0.0)
 * Running on http://127.0.0.1:8080
 * Running on http://192.168.0.110:8080]
[2025-06-06 21:17:49,451: INFO: _internal: [33mPress CTRL+C to quit[0m]
[2025-06-06 21:17:52,583: INFO: _internal: 127.0.0.1 - - [06/Jun/2025 21:17:52] "GET / HTTP/1.1" 200 -]
[2025-06-06 21:18:28,919: INFO: _internal: [31m[1mWARNING: This is a development server. Do not use it in a production deployment. Use a production WSGI server instead.[0m
 * Running on all addresses (0.0.0.0)
 * Running on http://127.0.0.1:8080
 * Running on http://192.168.0.110:8080]
[2025-06-06 21:18:28,923: INFO: _internal: [33mPress CTRL+C to quit[0m]
[2025-06-06 21:18:38,944: INFO: _internal: 127.0.0.1 - - [06/Jun/2025 21:18:38] "GET / HTTP/1.1" 200 -]
[2025-06-06 21:19:17,127: INFO: _internal: 127.0.0.1 - - [06/Jun/2025 21:19:17] "POST /predict HTTP/1.1" 200 -]
[2025-06-06 21:19:44,793: INFO: _internal: [31m[1mWARNING: This is a development server. Do not use it in a production deployment. Use a production WSGI server instead.[0m
 * Running on all addresses (0.0.0.0)
 * Running on http://127.0.0.1:8080
 * Running on http://192.168.0.110:8080]
[2025-06-06 21:19:44,794: INFO: _internal: [33mPress CTRL+C to quit[0m]
[2025-06-06 21:19:47,318: INFO: _internal: 127.0.0.1 - - [06/Jun/2025 21:19:47] "GET / HTTP/1.1" 200 -]
[2025-06-06 21:20:07,551: INFO: _internal: 127.0.0.1 - - [06/Jun/2025 21:20:07] "POST /predict HTTP/1.1" 200 -]
[2025-06-06 21:20:41,315: INFO: _internal: [31m[1mWARNING: This is a development server. Do not use it in a production deployment. Use a production WSGI server instead.[0m
 * Running on all addresses (0.0.0.0)
 * Running on http://127.0.0.1:8080
 * Running on http://192.168.0.110:8080]
[2025-06-06 21:20:41,317: INFO: _internal: [33mPress CTRL+C to quit[0m]
[2025-06-06 21:20:43,685: INFO: _internal: 127.0.0.1 - - [06/Jun/2025 21:20:43] "GET / HTTP/1.1" 200 -]
[2025-06-06 21:21:04,298: INFO: _internal: 127.0.0.1 - - [06/Jun/2025 21:21:04] "POST /predict HTTP/1.1" 200 -]
[2025-06-06 21:21:25,578: INFO: _internal: [31m[1mWARNING: This is a development server. Do not use it in a production deployment. Use a production WSGI server instead.[0m
 * Running on all addresses (0.0.0.0)
 * Running on http://127.0.0.1:8080
 * Running on http://192.168.0.110:8080]
[2025-06-06 21:21:25,579: INFO: _internal: [33mPress CTRL+C to quit[0m]
[2025-06-06 21:21:27,364: INFO: _internal: 127.0.0.1 - - [06/Jun/2025 21:21:27] "GET / HTTP/1.1" 200 -]
[2025-06-06 21:21:27,403: INFO: _internal: 127.0.0.1 - - [06/Jun/2025 21:21:27] "[33mGET /static/assets/img/form-v9.jpg HTTP/1.1[0m" 404 -]
[2025-06-06 21:21:27,584: INFO: _internal: 127.0.0.1 - - [06/Jun/2025 21:21:27] "GET / HTTP/1.1" 200 -]
[2025-06-06 21:21:27,748: INFO: _internal: 127.0.0.1 - - [06/Jun/2025 21:21:27] "[33mGET /static/assets/img/form-v9.jpg HTTP/1.1[0m" 404 -]
[2025-06-06 21:21:45,628: INFO: _internal: 127.0.0.1 - - [06/Jun/2025 21:21:45] "POST /predict HTTP/1.1" 200 -]
[2025-06-06 21:24:23,577: INFO: _internal: [31m[1mWARNING: This is a development server. Do not use it in a production deployment. Use a production WSGI server instead.[0m
 * Running on all addresses (0.0.0.0)
 * Running on http://127.0.0.1:8080
 * Running on http://192.168.0.110:8080]
[2025-06-06 21:24:23,579: INFO: _internal: [33mPress CTRL+C to quit[0m]
[2025-06-06 21:24:25,083: INFO: _internal: 127.0.0.1 - - [06/Jun/2025 21:24:25] "GET / HTTP/1.1" 200 -]
[2025-06-06 21:24:25,136: INFO: _internal: 127.0.0.1 - - [06/Jun/2025 21:24:25] "[33mGET /static/assets/img/form-v9.jpg HTTP/1.1[0m" 404 -]
[2025-06-06 21:24:41,396: INFO: _internal: 127.0.0.1 - - [06/Jun/2025 21:24:41] "POST /predict HTTP/1.1" 200 -]
[2025-06-06 21:26:44,198: INFO: _internal: [31m[1mWARNING: This is a development server. Do not use it in a production deployment. Use a production WSGI server instead.[0m
 * Running on all addresses (0.0.0.0)
 * Running on http://127.0.0.1:8080
 * Running on http://192.168.0.110:8080]
[2025-06-06 21:26:44,200: INFO: _internal: [33mPress CTRL+C to quit[0m]
[2025-06-06 21:26:46,483: INFO: _internal: 127.0.0.1 - - [06/Jun/2025 21:26:46] "GET / HTTP/1.1" 200 -]
[2025-06-06 21:26:46,532: INFO: _internal: 127.0.0.1 - - [06/Jun/2025 21:26:46] "[33mGET /static/assets/img/form-v9.jpg HTTP/1.1[0m" 404 -]
[2025-06-06 21:27:05,765: INFO: _internal: 127.0.0.1 - - [06/Jun/2025 21:27:05] "POST /predict HTTP/1.1" 200 -]
[2025-06-06 21:30:09,543: INFO: _internal: [31m[1mWARNING: This is a development server. Do not use it in a production deployment. Use a production WSGI server instead.[0m
 * Running on all addresses (0.0.0.0)
 * Running on http://127.0.0.1:8080
 * Running on http://192.168.0.110:8080]
[2025-06-06 21:30:09,544: INFO: _internal: [33mPress CTRL+C to quit[0m]
[2025-06-06 21:30:20,916: INFO: _internal: 127.0.0.1 - - [06/Jun/2025 21:30:20] "GET / HTTP/1.1" 200 -]
[2025-06-06 21:30:20,952: INFO: _internal: 127.0.0.1 - - [06/Jun/2025 21:30:20] "[33mGET /static/assets/img/form-v9.jpg HTTP/1.1[0m" 404 -]
[2025-06-06 21:31:20,285: INFO: _internal: [31m[1mWARNING: This is a development server. Do not use it in a production deployment. Use a production WSGI server instead.[0m
 * Running on all addresses (0.0.0.0)
 * Running on http://127.0.0.1:8080
 * Running on http://192.168.0.110:8080]
[2025-06-06 21:31:20,287: INFO: _internal: [33mPress CTRL+C to quit[0m]
[2025-06-06 21:31:25,008: INFO: _internal: 127.0.0.1 - - [06/Jun/2025 21:31:25] "GET / HTTP/1.1" 200 -]
[2025-06-06 21:31:25,050: INFO: _internal: 127.0.0.1 - - [06/Jun/2025 21:31:25] "[33mGET /static/assets/img/form-v9.jpg HTTP/1.1[0m" 404 -]
[2025-06-06 21:31:40,592: INFO: _internal: 127.0.0.1 - - [06/Jun/2025 21:31:40] "POST /predict HTTP/1.1" 200 -]
[2025-06-06 21:33:04,594: INFO: _internal: [31m[1mWARNING: This is a development server. Do not use it in a production deployment. Use a production WSGI server instead.[0m
 * Running on all addresses (0.0.0.0)
 * Running on http://127.0.0.1:8080
 * Running on http://192.168.0.110:8080]
[2025-06-06 21:33:04,596: INFO: _internal: [33mPress CTRL+C to quit[0m]
[2025-06-06 21:33:09,221: INFO: _internal: 127.0.0.1 - - [06/Jun/2025 21:33:09] "GET / HTTP/1.1" 200 -]
[2025-06-06 21:33:30,561: INFO: _internal: 127.0.0.1 - - [06/Jun/2025 21:33:30] "POST /predict HTTP/1.1" 200 -]
[2025-06-06 21:33:38,356: INFO: _internal: 127.0.0.1 - - [06/Jun/2025 21:33:38] "GET / HTTP/1.1" 200 -]
[2025-06-06 21:34:17,652: INFO: _internal: 127.0.0.1 - - [06/Jun/2025 21:34:17] "POST /predict HTTP/1.1" 200 -]
[2025-06-06 21:35:58,890: INFO: _internal: [31m[1mWARNING: This is a development server. Do not use it in a production deployment. Use a production WSGI server instead.[0m
 * Running on all addresses (0.0.0.0)
 * Running on http://127.0.0.1:8080
 * Running on http://192.168.0.110:8080]
[2025-06-06 21:35:58,891: INFO: _internal: [33mPress CTRL+C to quit[0m]
[2025-06-06 21:36:05,240: INFO: _internal: 127.0.0.1 - - [06/Jun/2025 21:36:05] "GET / HTTP/1.1" 200 -]
[2025-06-06 21:36:21,890: INFO: _internal: 127.0.0.1 - - [06/Jun/2025 21:36:21] "POST /predict HTTP/1.1" 200 -]
[2025-06-06 21:36:44,714: INFO: _internal: [31m[1mWARNING: This is a development server. Do not use it in a production deployment. Use a production WSGI server instead.[0m
 * Running on all addresses (0.0.0.0)
 * Running on http://127.0.0.1:8080
 * Running on http://192.168.0.110:8080]
[2025-06-06 21:36:44,716: INFO: _internal: [33mPress CTRL+C to quit[0m]
[2025-06-06 21:36:46,578: INFO: _internal: 127.0.0.1 - - [06/Jun/2025 21:36:46] "GET / HTTP/1.1" 200 -]
[2025-06-06 21:37:05,291: INFO: _internal: 127.0.0.1 - - [06/Jun/2025 21:37:05] "POST /predict HTTP/1.1" 200 -]
[2025-06-06 21:38:14,510: INFO: _internal: [31m[1mWARNING: This is a development server. Do not use it in a production deployment. Use a production WSGI server instead.[0m
 * Running on all addresses (0.0.0.0)
 * Running on http://127.0.0.1:8080
 * Running on http://192.168.0.110:8080]
[2025-06-06 21:38:14,513: INFO: _internal: [33mPress CTRL+C to quit[0m]
[2025-06-06 21:38:20,365: INFO: _internal: 127.0.0.1 - - [06/Jun/2025 21:38:20] "GET / HTTP/1.1" 200 -]
[2025-06-06 21:38:36,787: INFO: _internal: 127.0.0.1 - - [06/Jun/2025 21:38:36] "POST /predict HTTP/1.1" 200 -]
[2025-06-06 21:38:41,348: INFO: _internal: 127.0.0.1 - - [06/Jun/2025 21:38:41] "GET / HTTP/1.1" 200 -]
